2022-06-15T08:21:22.154854Z 0 [Warning] TIMESTAMP with implicit DEFAULT value is deprecated. Please use --explicit_defaults_for_timestamp server option (see documentation for more details).
2022-06-15T08:21:22.154854Z 0 [Warning] 'NO_ZERO_DATE', 'NO_ZERO_IN_DATE' and 'ERROR_FOR_DIVISION_BY_ZERO' sql modes should be used with strict mode. They will be merged with strict mode in a future release.
2022-06-15T08:21:22.154854Z 0 [Warning] 'NO_AUTO_CREATE_USER' sql mode was not set.
2022-06-15T08:21:22.154854Z 0 [Warning] Insecure configuration for --secure-file-priv: Current value does not restrict location of generated files. Consider setting it to a valid, non-empty path.
2022-06-15T08:21:22.154854Z 0 [ERROR] Cannot open Windows EventLog; check privileges, or start server with --log_syslog=0
2022-06-15T08:21:22.154854Z 0 [Note] G:\WWW\UwAmp - PHP8\bin\database\mysql-5.7.11\bin\mysqld.exe (mysqld 5.7.11) starting as process 4480 ...
2022-06-15T08:21:22.194710Z 0 [ERROR] Can't open shared library 'G:\WWW\UwAmp - PHP8\bin\database\mysql-5.7.11\lib\plugin\keyring_file.dll' (errno: 126 Le module spécifié est introuvable.)
2022-06-15T08:21:22.195710Z 0 [ERROR] Couldn't load plugin named 'keyring_file' with soname 'keyring_file.dll'.
2022-06-15T08:21:22.197705Z 0 [Note] InnoDB: Mutexes and rw_locks use Windows interlocked functions
2022-06-15T08:21:22.197705Z 0 [Note] InnoDB: Uses event mutexes
2022-06-15T08:21:22.198699Z 0 [Note] InnoDB: Memory barrier is not used
2022-06-15T08:21:22.198699Z 0 [Note] InnoDB: Compressed tables use zlib 1.2.3
2022-06-15T08:21:22.199697Z 0 [Note] InnoDB: Number of pools: 1
2022-06-15T08:21:22.200694Z 0 [Note] InnoDB: Not using CPU crc32 instructions
2022-06-15T08:21:22.242586Z 0 [Note] InnoDB: Initializing buffer pool, total size = 128M, instances = 1, chunk size = 128M
2022-06-15T08:21:22.249565Z 0 [Note] InnoDB: Completed initialization of buffer pool
2022-06-15T08:21:22.309404Z 0 [Note] InnoDB: Highest supported file format is Barracuda.
2022-06-15T08:21:23.164733Z 0 [Note] InnoDB: Creating shared tablespace for temporary tables
2022-06-15T08:21:23.166226Z 0 [Note] InnoDB: Setting file '.\ibtmp1' size to 12 MB. Physically writing the file full; Please wait ...
2022-06-15T08:21:23.262049Z 0 [Note] InnoDB: File '.\ibtmp1' size is now 12 MB.
2022-06-15T08:21:23.273261Z 0 [Note] InnoDB: 96 redo rollback segment(s) found. 96 redo rollback segment(s) are active.
2022-06-15T08:21:23.274229Z 0 [Note] InnoDB: 32 non-redo rollback segment(s) are active.
2022-06-15T08:21:23.275226Z 0 [Note] InnoDB: Waiting for purge to start
2022-06-15T08:21:23.330583Z 0 [Note] InnoDB: 5.7.11 started; log sequence number 86977835
2022-06-15T08:21:23.331581Z 0 [Note] InnoDB: Loading buffer pool(s) from G:\WWW\UwAmp - PHP8\bin\database\mysql-5.7.11\data\ib_buffer_pool
2022-06-15T08:21:23.331581Z 0 [Note] Plugin 'FEDERATED' is disabled.
2022-06-15T08:21:23.434967Z 0 [Warning] Failed to set up SSL because of the following SSL library error: SSL context is not usable without certificate and private key
2022-06-15T08:21:23.438924Z 0 [Note] Server hostname (bind-address): '*'; port: 3306
2022-06-15T08:21:23.439955Z 0 [Note] IPv6 is available.
2022-06-15T08:21:23.439955Z 0 [Note]   - '::' resolves to '::';
2022-06-15T08:21:23.439955Z 0 [Note] Server socket created on IP: '::'.
2022-06-15T08:21:23.484909Z 0 [Note] InnoDB: Buffer pool(s) load completed at 220615 10:21:23
2022-06-15T08:21:23.487903Z 0 [Warning] Found invalid password for user: 'recettes_user@localhost'; Ignoring user
2022-06-15T08:21:24.034702Z 0 [Note] Event Scheduler: Loaded 0 events
2022-06-15T08:21:24.035672Z 0 [Note] G:\WWW\UwAmp - PHP8\bin\database\mysql-5.7.11\bin\mysqld.exe: ready for connections.
Version: '5.7.11'  socket: ''  port: 3306  MySQL Community Server (GPL)
2022-06-16T06:17:56.813064Z 0 [Warning] TIMESTAMP with implicit DEFAULT value is deprecated. Please use --explicit_defaults_for_timestamp server option (see documentation for more details).
2022-06-16T06:17:56.813064Z 0 [Warning] 'NO_ZERO_DATE', 'NO_ZERO_IN_DATE' and 'ERROR_FOR_DIVISION_BY_ZERO' sql modes should be used with strict mode. They will be merged with strict mode in a future release.
2022-06-16T06:17:56.813064Z 0 [Warning] 'NO_AUTO_CREATE_USER' sql mode was not set.
2022-06-16T06:17:56.813064Z 0 [Warning] Insecure configuration for --secure-file-priv: Current value does not restrict location of generated files. Consider setting it to a valid, non-empty path.
2022-06-16T06:17:56.813064Z 0 [ERROR] Cannot open Windows EventLog; check privileges, or start server with --log_syslog=0
2022-06-16T06:17:56.813064Z 0 [Note] G:\WWW\UwAmp - PHP8\bin\database\mysql-5.7.11\bin\mysqld.exe (mysqld 5.7.11) starting as process 18988 ...
2022-06-16T06:17:56.850964Z 0 [ERROR] Can't open shared library 'G:\WWW\UwAmp - PHP8\bin\database\mysql-5.7.11\lib\plugin\keyring_file.dll' (errno: 126 Le module spécifié est introuvable.)
2022-06-16T06:17:56.852959Z 0 [ERROR] Couldn't load plugin named 'keyring_file' with soname 'keyring_file.dll'.
2022-06-16T06:17:56.853956Z 0 [Note] InnoDB: Mutexes and rw_locks use Windows interlocked functions
2022-06-16T06:17:56.854953Z 0 [Note] InnoDB: Uses event mutexes
2022-06-16T06:17:56.854953Z 0 [Note] InnoDB: Memory barrier is not used
2022-06-16T06:17:56.855951Z 0 [Note] InnoDB: Compressed tables use zlib 1.2.3
2022-06-16T06:17:56.855951Z 0 [Note] InnoDB: Number of pools: 1
2022-06-16T06:17:56.856948Z 0 [Note] InnoDB: Not using CPU crc32 instructions
2022-06-16T06:17:56.901828Z 0 [Note] InnoDB: Initializing buffer pool, total size = 128M, instances = 1, chunk size = 128M
2022-06-16T06:17:56.907811Z 0 [Note] InnoDB: Completed initialization of buffer pool
2022-06-16T06:17:56.953689Z 0 [Note] InnoDB: Highest supported file format is Barracuda.
2022-06-16T06:17:56.956681Z 0 [Note] InnoDB: Log scan progressed past the checkpoint lsn 88881507
2022-06-16T06:17:56.956681Z 0 [Note] InnoDB: Doing recovery: scanned up to log sequence number 88881516
2022-06-16T06:17:56.958674Z 0 [Note] InnoDB: Doing recovery: scanned up to log sequence number 88881516
2022-06-16T06:17:56.958674Z 0 [Note] InnoDB: Database was not shutdown normally!
2022-06-16T06:17:56.959672Z 0 [Note] InnoDB: Starting crash recovery.
2022-06-16T06:17:58.023826Z 0 [Note] InnoDB: Removed temporary tablespace data file: "ibtmp1"
2022-06-16T06:17:58.023826Z 0 [Note] InnoDB: Creating shared tablespace for temporary tables
2022-06-16T06:17:58.024823Z 0 [Note] InnoDB: Setting file '.\ibtmp1' size to 12 MB. Physically writing the file full; Please wait ...
2022-06-16T06:17:58.066712Z 0 [Note] InnoDB: File '.\ibtmp1' size is now 12 MB.
2022-06-16T06:17:58.073692Z 0 [Note] InnoDB: 96 redo rollback segment(s) found. 96 redo rollback segment(s) are active.
2022-06-16T06:17:58.074692Z 0 [Note] InnoDB: 32 non-redo rollback segment(s) are active.
2022-06-16T06:17:58.076685Z 0 [Note] InnoDB: Waiting for purge to start
2022-06-16T06:17:58.128546Z 0 [Note] InnoDB: 5.7.11 started; log sequence number 88881516
2022-06-16T06:17:58.129543Z 0 [Note] InnoDB: Loading buffer pool(s) from G:\WWW\UwAmp - PHP8\bin\database\mysql-5.7.11\data\ib_buffer_pool
2022-06-16T06:17:58.129543Z 0 [Note] Plugin 'FEDERATED' is disabled.
2022-06-16T06:17:58.152483Z 0 [Warning] Failed to set up SSL because of the following SSL library error: SSL context is not usable without certificate and private key
2022-06-16T06:17:58.155475Z 0 [Note] Server hostname (bind-address): '*'; port: 3306
2022-06-16T06:17:58.156472Z 0 [Note] IPv6 is available.
2022-06-16T06:17:58.157469Z 0 [Note]   - '::' resolves to '::';
2022-06-16T06:17:58.157469Z 0 [Note] Server socket created on IP: '::'.
2022-06-16T06:17:58.157469Z 0 [Note] InnoDB: Buffer pool(s) load completed at 220616  8:17:58
2022-06-16T06:17:58.203347Z 0 [Warning] Found invalid password for user: 'recettes_user@localhost'; Ignoring user
2022-06-16T06:17:58.773849Z 0 [Note] Event Scheduler: Loaded 0 events
2022-06-16T06:17:58.774848Z 0 [Note] G:\WWW\UwAmp - PHP8\bin\database\mysql-5.7.11\bin\mysqld.exe: ready for connections.
Version: '5.7.11'  socket: ''  port: 3306  MySQL Community Server (GPL)
2022-06-16T06:18:09.632322Z 2 [Note] Access denied for user 'conv'@'localhost' (using password: YES)
2022-06-16T08:10:55.450771Z 0 [Note] G:\WWW\UwAmp - PHP8\bin\database\mysql-5.7.11\bin\mysqld.exe: Normal shutdown

2022-06-16T08:10:55.451770Z 0 [Note] Giving 0 client threads a chance to die gracefully
2022-06-16T08:10:55.452767Z 0 [Note] Shutting down slave threads
2022-06-16T08:10:55.452767Z 0 [Note] Forcefully disconnecting 0 remaining clients
2022-06-16T08:10:55.453764Z 0 [Note] Event Scheduler: Purging the queue. 0 events
2022-06-16T08:10:55.454761Z 0 [Note] Binlog end
2022-06-16T08:10:55.462741Z 0 [Note] Shutting down plugin 'ngram'
2022-06-16T08:10:55.462741Z 0 [Note] Shutting down plugin 'partition'
2022-06-16T08:10:55.463739Z 0 [Note] Shutting down plugin 'BLACKHOLE'
2022-06-16T08:10:55.464735Z 0 [Note] Shutting down plugin 'ARCHIVE'
2022-06-16T08:10:55.464735Z 0 [Note] Shutting down plugin 'PERFORMANCE_SCHEMA'
2022-06-16T08:10:55.465732Z 0 [Note] Shutting down plugin 'MRG_MYISAM'
2022-06-16T08:10:55.466729Z 0 [Note] Shutting down plugin 'MyISAM'
2022-06-16T08:10:55.467727Z 0 [Note] Shutting down plugin 'INNODB_SYS_VIRTUAL'
2022-06-16T08:10:55.468724Z 0 [Note] Shutting down plugin 'INNODB_SYS_DATAFILES'
2022-06-16T08:10:55.469721Z 0 [Note] Shutting down plugin 'INNODB_SYS_TABLESPACES'
2022-06-16T08:10:55.470719Z 0 [Note] Shutting down plugin 'INNODB_SYS_FOREIGN_COLS'
2022-06-16T08:10:55.470719Z 0 [Note] Shutting down plugin 'INNODB_SYS_FOREIGN'
2022-06-16T08:10:55.471716Z 0 [Note] Shutting down plugin 'INNODB_SYS_FIELDS'
2022-06-16T08:10:55.472714Z 0 [Note] Shutting down plugin 'INNODB_SYS_COLUMNS'
2022-06-16T08:10:55.472714Z 0 [Note] Shutting down plugin 'INNODB_SYS_INDEXES'
2022-06-16T08:10:55.473740Z 0 [Note] Shutting down plugin 'INNODB_SYS_TABLESTATS'
2022-06-16T08:10:55.473740Z 0 [Note] Shutting down plugin 'INNODB_SYS_TABLES'
2022-06-16T08:10:55.474740Z 0 [Note] Shutting down plugin 'INNODB_FT_INDEX_TABLE'
2022-06-16T08:10:55.474740Z 0 [Note] Shutting down plugin 'INNODB_FT_INDEX_CACHE'
2022-06-16T08:10:55.475735Z 0 [Note] Shutting down plugin 'INNODB_FT_CONFIG'
2022-06-16T08:10:55.475735Z 0 [Note] Shutting down plugin 'INNODB_FT_BEING_DELETED'
2022-06-16T08:10:55.476732Z 0 [Note] Shutting down plugin 'INNODB_FT_DELETED'
2022-06-16T08:10:55.476732Z 0 [Note] Shutting down plugin 'INNODB_FT_DEFAULT_STOPWORD'
2022-06-16T08:10:55.477730Z 0 [Note] Shutting down plugin 'INNODB_METRICS'
2022-06-16T08:10:55.477730Z 0 [Note] Shutting down plugin 'INNODB_TEMP_TABLE_INFO'
2022-06-16T08:10:55.478729Z 0 [Note] Shutting down plugin 'INNODB_BUFFER_POOL_STATS'
2022-06-16T08:10:55.479727Z 0 [Note] Shutting down plugin 'INNODB_BUFFER_PAGE_LRU'
2022-06-16T08:10:55.479727Z 0 [Note] Shutting down plugin 'INNODB_BUFFER_PAGE'
2022-06-16T08:10:55.480729Z 0 [Note] Shutting down plugin 'INNODB_CMP_PER_INDEX_RESET'
2022-06-16T08:10:55.480729Z 0 [Note] Shutting down plugin 'INNODB_CMP_PER_INDEX'
2022-06-16T08:10:55.481719Z 0 [Note] Shutting down plugin 'INNODB_CMPMEM_RESET'
2022-06-16T08:10:55.481719Z 0 [Note] Shutting down plugin 'INNODB_CMPMEM'
2022-06-16T08:10:55.482719Z 0 [Note] Shutting down plugin 'INNODB_CMP_RESET'
2022-06-16T08:10:55.482719Z 0 [Note] Shutting down plugin 'INNODB_CMP'
2022-06-16T08:10:55.483713Z 0 [Note] Shutting down plugin 'INNODB_LOCK_WAITS'
2022-06-16T08:10:55.483713Z 0 [Note] Shutting down plugin 'INNODB_LOCKS'
2022-06-16T08:10:55.484711Z 0 [Note] Shutting down plugin 'INNODB_TRX'
2022-06-16T08:10:55.484711Z 0 [Note] Shutting down plugin 'InnoDB'
2022-06-16T08:10:55.485708Z 0 [Note] InnoDB: FTS optimize thread exiting.
2022-06-16T08:10:55.485708Z 0 [Note] InnoDB: Starting shutdown...
2022-06-16T08:10:55.597838Z 0 [Note] InnoDB: Dumping buffer pool(s) to G:\WWW\UwAmp - PHP8\bin\database\mysql-5.7.11\data\ib_buffer_pool
2022-06-16T08:10:55.604786Z 0 [Note] InnoDB: Buffer pool(s) dump completed at 220616 10:10:55
2022-06-16T08:10:56.829436Z 0 [Note] InnoDB: Shutdown completed; log sequence number 89818241
2022-06-16T08:10:56.833454Z 0 [Note] InnoDB: Removed temporary tablespace data file: "ibtmp1"
2022-06-16T08:10:56.834454Z 0 [Note] Shutting down plugin 'MEMORY'
2022-06-16T08:10:56.834454Z 0 [Note] Shutting down plugin 'CSV'
2022-06-16T08:10:56.835448Z 0 [Note] Shutting down plugin 'sha256_password'
2022-06-16T08:10:56.835448Z 0 [Note] Shutting down plugin 'mysql_native_password'
2022-06-16T08:10:56.836444Z 0 [Note] Shutting down plugin 'binlog'
2022-06-16T08:10:56.837441Z 0 [Note] G:\WWW\UwAmp - PHP8\bin\database\mysql-5.7.11\bin\mysqld.exe: Shutdown complete

